<?xml version="1.0" encoding="UTF-8"?>
<testsuite name="com.twu.biblioteca.BookTests" tests="5" skipped="0" failures="0" errors="0" timestamp="2016-09-29T06:13:37" hostname="Julians-MacBook-Pro.local" time="0.001">
  <properties/>
  <testcase name="testCheckedOut" classname="com.twu.biblioteca.BookTests" time="0.0"/>
  <testcase name="testBook" classname="com.twu.biblioteca.BookTests" time="0.0"/>
  <testcase name="testShouldReturnFalseWhenEqualsIsUsedOnDifferentBooks" classname="com.twu.biblioteca.BookTests" time="0.0"/>
  <testcase name="testShouldReturnTrueWhenEqualsIsUsedOnSimilarBooks" classname="com.twu.biblioteca.BookTests" time="0.0"/>
  <testcase name="testWhenBookIsInitializedBookCheckedOutShouldBeFalse" classname="com.twu.biblioteca.BookTests" time="0.0"/>
  <system-out><![CDATA[]]></system-out>
  <system-err><![CDATA[]]></system-err>
</testsuite>
