<?xml version="1.0" encoding="UTF-8"?>
<testsuite name="com.twu.biblioteca.UserTests" tests="4" skipped="0" failures="0" errors="0" timestamp="2016-09-29T06:13:37" hostname="Julians-MacBook-Pro.local" time="0.001">
  <properties/>
  <testcase name="testBorrowArticleShouldAddArticleToUserStackCountShouldBe1" classname="com.twu.biblioteca.UserTests" time="0.0"/>
  <testcase name="testUserGetters" classname="com.twu.biblioteca.UserTests" time="0.0"/>
  <testcase name="testCreateUser" classname="com.twu.biblioteca.UserTests" time="0.0"/>
  <testcase name="testReturnArticleCountShouldBeZero" classname="com.twu.biblioteca.UserTests" time="0.0"/>
  <system-out><![CDATA[]]></system-out>
  <system-err><![CDATA[]]></system-err>
</testsuite>
