<?xml version="1.0" encoding="UTF-8"?>
<testsuite name="com.twu.biblioteca.UsersDatabaseTests" tests="2" skipped="0" failures="0" errors="0" timestamp="2016-09-29T06:13:37" hostname="Julians-MacBook-Pro.local" time="0.001">
  <properties/>
  <testcase name="testUsersDatabaseDoesConstruct" classname="com.twu.biblioteca.UsersDatabaseTests" time="0.001"/>
  <testcase name="testGetUser" classname="com.twu.biblioteca.UsersDatabaseTests" time="0.0"/>
  <system-out><![CDATA[]]></system-out>
  <system-err><![CDATA[]]></system-err>
</testsuite>
