<?xml version="1.0" encoding="UTF-8"?>
<testsuite name="com.twu.biblioteca.EndToEndUserTest" tests="5" skipped="0" failures="0" errors="0" timestamp="2016-09-29T01:21:27" hostname="Julians-MacBook-Pro.local" time="0.006">
  <properties/>
  <testcase name="userTriesToReturnABookThatIsNotInTheLibraryIsToldThatTheBookIsInvalidToReturn" classname="com.twu.biblioteca.EndToEndUserTest" time="0.002"/>
  <testcase name="userBorrowsBookSuccessfullyIsToldToEnjoyBook" classname="com.twu.biblioteca.EndToEndUserTest" time="0.001"/>
  <testcase name="userBorrowBookThatLibraryDoesNotHaveIsToldBookDoesNotExist" classname="com.twu.biblioteca.EndToEndUserTest" time="0.0"/>
  <testcase name="userBorrowsBookTwiceIsToldThatBookIsAlreadyCheckedOut" classname="com.twu.biblioteca.EndToEndUserTest" time="0.0"/>
  <testcase name="userBorrowsBookSuccessfullyAndReturnsBookSuccessfully" classname="com.twu.biblioteca.EndToEndUserTest" time="0.0"/>
  <system-out><![CDATA[]]></system-out>
  <system-err><![CDATA[]]></system-err>
</testsuite>
